<?xml version="1.0" encoding="UTF-8"?>
<testsuite xmlns:xsi="http://www.w3.org/2001/XMLSchema-instance" xsi:noNamespaceSchemaLocation="https://maven.apache.org/surefire/maven-surefire-plugin/xsd/surefire-test-report.xsd" version="3.0.2" name="com.practice.maven.MathUtilsTest" time="0.16" tests="2" errors="0" skipped="0" failures="0">
  <properties>
[...]
</properties>
  <testcase name="testLoggingAndJUnit5" classname="com.practice.maven.MathUtilsTest" time="0.025">
    <system-out><![CDATA[17:03:43.826 [main] INFO com.practice.maven.MathUtilsTest -- Đang chạy kiểm thử với JUnit Jupiter 5.9.2...
17:03:43.828 [main] WARN com.practice.maven.MathUtilsTest -- Đây là một thông báo log có cấu trúc thay vì System.out.println
]]></system-out>
  </testcase>
  <testcase name="testHibernateInitialization" classname="com.practice.maven.MathUtilsTest" time="0.082">
    <system-out><![CDATA[17:03:43.856 [main] DEBUG org.jboss.logging -- Logging Provider: org.jboss.logging.Slf4jLoggerProvider
17:03:43.862 [main] DEBUG org.hibernate.integrator.internal.IntegratorServiceImpl -- Adding Integrator [org.hibernate.boot.beanvalidation.BeanValidationIntegrator].
17:03:43.866 [main] DEBUG org.hibernate.integrator.internal.IntegratorServiceImpl -- Adding Integrator [org.hibernate.cache.internal.CollectionCacheInvalidator].
17:03:43.904 [main] INFO org.hibernate.Version -- HHH000412: Hibernate ORM core version 6.2.0.Final
17:03:43.905 [main] DEBUG org.hibernate.cfg.Environment -- HHH000206: hibernate.properties not found
17:03:43.906 [main] INFO org.hibernate.cfg.Environment -- HHH000406: Using bytecode reflection optimizer
17:03:43.917 [main] INFO com.practice.maven.MathUtilsTest -- Hibernate Core 6.2.0.Final đã được nạp thành công vào dự án!
]]></system-out>
  </testcase>
</testsuite>