<?xml version="1.0" encoding="UTF-8"?>
<testsuite xmlns:xsi="http://www.w3.org/2001/XMLSchema-instance" xsi:noNamespaceSchemaLocation="https://maven.apache.org/surefire/maven-surefire-plugin/xsd/surefire-test-report.xsd" version="3.0.2" name="bank_system.BankSystemTest" time="0.106" tests="4" errors="0" skipped="0" failures="0">
  <properties>
[...]
</properties>
  <testcase name="testTransactionHistory" classname="bank_system.BankSystemTest" time="0.028">
    <system-out><![CDATA[17:32:52.041 [main] INFO bank_system.Account -- >>> [LOGGING] summary process started for type: 1
17:32:52.043 [main] INFO bank_system.Account -- >>> [LOGGING] summary process started for type: 2
17:32:52.044 [main] INFO bank_system.Account -- [DEBUG] Đã lấy lịch sử cho tài khoản: 12345
17:32:52.045 [main] INFO bank_system.BankSystemTest -- Lịch sử giao dịch: 
Lịch sử giao dịch của tài khoản 12345:
- Kiểu giao dịch: Nạp tiền vãng lai. Số dư ban đầu: $1000.00. Số tiền: $200.00. Số dư cuối: $1200.00.
- Kiểu giao dịch: Rút tiền vãng lai. Số dư ban đầu: $1200.00. Số tiền: $100.00. Số dư cuối: $1100.00.
]]></system-out>
  </testcase>
  <testcase name="testInsufficientFunds" classname="bank_system.BankSystemTest" time="0.003">
    <system-out><![CDATA[17:32:52.055 [main] INFO bank_system.BankSystemTest -- Bắt đầu test rút tiền khi số dư không đủ...
Số dư tài khoản không đủ $2000.00 để thực hiện giao dịch
17:32:52.057 [main] ERROR bank_system.BankSystemTest -- Đã chặn giao dịch rút tiền vượt quá số dư hiện có.
]]></system-out>
  </testcase>
  <testcase name="testDepositLogging" classname="bank_system.BankSystemTest" time="0.002">
    <system-out><![CDATA[17:32:52.059 [main] INFO bank_system.BankSystemTest -- Bắt đầu test nạp tiền cho CheckingAccount...
17:32:52.060 [main] INFO bank_system.BankSystemTest -- Nạp tiền thành công. Số dư hiện tại: 1500.0
]]></system-out>
  </testcase>
  <testcase name="testWithdrawSavingsLimit" classname="bank_system.BankSystemTest" time="0.002">
    <system-out><![CDATA[17:32:52.062 [main] INFO bank_system.BankSystemTest -- Bắt đầu test rút tiền quá hạn mức (1000$) của tài khoản tiết kiệm...
17:32:52.063 [main] ERROR bank_system.Account -- Rut tien bi loi!
17:32:52.063 [main] WARN bank_system.BankSystemTest -- Giao dịch rút 2000$ thất bại theo đúng thiết kế (Hạn mức 1000$).
]]></system-out>
  </testcase>
</testsuite>