<?xml version="1.0" encoding="UTF-8"?>
<testsuite xmlns:xsi="http://www.w3.org/2001/XMLSchema-instance" xsi:noNamespaceSchemaLocation="https://maven.apache.org/surefire/maven-surefire-plugin/xsd/surefire-test-report.xsd" version="3.0.2" name="bank_system.BankSystemTest" time="0.256" tests="16" errors="0" skipped="0" failures="0">
  <properties>
[...]
</properties>
  <testcase name="testBankExtremeCoverage" classname="bank_system.BankSystemTest" time="0.063">
    <system-out><![CDATA[21:43:52.844 [main] INFO bank_system.Account -- >>> [LOGGING] summary process started for type: 2
]]></system-out>
  </testcase>
  <testcase name="testWithdrawSavingsSuccess" classname="bank_system.BankSystemTest" time="0.01">
    <system-out><![CDATA[21:43:52.871 [main] INFO bank_system.Account -- [SAVINGS] Rut 500.0 thanh cong. So du con: 9500.0
]]></system-out>
  </testcase>
  <testcase name="testReadCustomerListErrors" classname="bank_system.BankSystemTest" time="0.004">
    <system-out><![CDATA[21:43:52.878 [main] INFO bank_system.Account -- DEBUG: Bat dau doc du lieu...
21:43:52.878 [main] INFO bank_system.Account -- DEBUG: Bat dau doc du lieu...
21:43:52.878 [main] INFO bank_system.Account -- DEBUG: Bat dau doc du lieu...
Log: Them khach hang Nguyen Van A
]]></system-out>
  </testcase>
  <testcase name="testBankReadFullBranches" classname="bank_system.BankSystemTest" time="0.006">
    <system-out><![CDATA[21:43:52.885 [main] INFO bank_system.Account -- DEBUG: Bat dau doc du lieu...
Log: Them khach hang Nguyen Trung Vu
21:43:52.886 [main] ERROR bank_system.Account -- Error: For input string: "Invalid"
]]></system-out>
  </testcase>
  <testcase name="testReadCustomerList" classname="bank_system.BankSystemTest" time="0.004">
    <system-out><![CDATA[21:43:52.892 [main] INFO bank_system.Account -- DEBUG: Bat dau doc du lieu...
Log: Them khach hang Nguyen Trung Vu
]]></system-out>
  </testcase>
  <testcase name="testAllTransactionTypeStrings" classname="bank_system.BankSystemTest" time="0.002"/>
  <testcase name="testAccountExceptionCatching" classname="bank_system.BankSystemTest" time="0.003">
    <system-out><![CDATA[Số tiền không hợp lệ: $-1.00
21:43:52.900 [main] ERROR bank_system.Account -- Rut tien bi loi!
]]></system-out>
  </testcase>
  <testcase name="testAbsoluteCoverage" classname="bank_system.BankSystemTest" time="0.004">
    <system-out><![CDATA[Số tiền không hợp lệ: $-1.00
Số tiền không hợp lệ: $-1.00
]]></system-out>
  </testcase>
  <testcase name="testSavingsMinBalance" classname="bank_system.BankSystemTest" time="0.001">
    <system-out><![CDATA[21:43:52.908 [main] ERROR bank_system.Account -- Rut tien bi loi!
]]></system-out>
  </testcase>
  <testcase name="testTransactionSummaryAllTypes" classname="bank_system.BankSystemTest" time="0.003">
    <system-out><![CDATA[21:43:52.912 [main] INFO bank_system.Account -- >>> [LOGGING] summary process started for type: 1
]]></system-out>
  </testcase>
  <testcase name="testInvalidDeposit" classname="bank_system.BankSystemTest" time="0.002">
    <system-out><![CDATA[Số tiền không hợp lệ: $-100.00
Số tiền không hợp lệ: $0.00
]]></system-out>
  </testcase>
  <testcase name="testDepositLogging" classname="bank_system.BankSystemTest" time="0.002"/>
  <testcase name="testWithdrawSavingsLimit" classname="bank_system.BankSystemTest" time="0.002">
    <system-out><![CDATA[21:43:52.925 [main] ERROR bank_system.Account -- Rut tien bi loi!
]]></system-out>
  </testcase>
  <testcase name="testAccountEquality" classname="bank_system.BankSystemTest" time="0.002"/>
  <testcase name="testRemainingAccountMethods" classname="bank_system.BankSystemTest" time="0.002"/>
  <testcase name="testAllTransactionTypes" classname="bank_system.BankSystemTest" time="0.001">
    <system-out><![CDATA[21:43:52.937 [main] INFO bank_system.Account -- >>> [LOGGING] summary process started for type: 2
21:43:52.937 [main] INFO bank_system.Account -- >>> [LOGGING] summary process started for type: 3
]]></system-out>
  </testcase>
</testsuite>